This file contains any messages produced by compilers while
running configure, to aid debugging if configure makes a mistake.

It was created by GNU Bison configure 3.8.2, which was
generated by GNU Autoconf 2.71.  Invocation command line was

  $ ./configure --disable-doc

## --------- ##
## Platform. ##
## --------- ##

hostname = tp
uname -m = x86_64
uname -r = 6.11.10
uname -s = Linux
uname -v = #1-NixOS SMP PREEMPT_DYNAMIC Fri Nov 22 14:39:56 UTC 2024

/usr/bin/uname -p = unknown
/bin/uname -X     = unknown

/bin/arch              = unknown
/usr/bin/arch -k       = unknown
/usr/convex/getsysinfo = unknown
/usr/bin/hostinfo      = unknown
/bin/machine           = unknown
/usr/bin/oslevel       = unknown
/bin/universe          = unknown

PATH: /nix/store/apmrnyl4b6fj9czqkb8vwpf6cvfvs0ba-glib-2.82.1-bin/bin/
PATH: /run/wrappers/bin/
PATH: /home/msanft/.nix-profile/bin/
PATH: /nix/profile/bin/
PATH: /home/msanft/.local/state/nix/profile/bin/
PATH: /etc/profiles/per-user/msanft/bin/
PATH: /nix/var/nix/profiles/default/bin/
PATH: /run/current-system/sw/bin/


## ----------- ##
## Core tests. ##
## ----------- ##

configure:4725: looking for aux files: config.rpath config.guess config.sub compile missing install-sh
configure:4738:  trying ./build-aux/
configure:4767:   ./build-aux/config.rpath found
configure:4767:   ./build-aux/config.guess found
configure:4767:   ./build-aux/config.sub found
configure:4767:   ./build-aux/compile found
configure:4767:   ./build-aux/missing found
configure:4749:   ./build-aux/install-sh found
configure:4914: checking for a BSD-compatible install
configure:4987: result: /run/current-system/sw/bin/install -c
configure:4998: checking whether build environment is sane
configure:5053: result: yes
configure:5212: checking for a race-free mkdir -p
configure:5256: result: /run/current-system/sw/bin/mkdir -p
configure:5263: checking for gawk
configure:5284: found /run/current-system/sw/bin/gawk
configure:5295: result: gawk
configure:5306: checking whether make sets $(MAKE)
configure:5333: result: no
configure:5359: checking whether make supports nested variables
configure:5377: result: no
configure:5525: checking whether make supports nested variables
configure:5543: result: no
configure:5620: checking for gcc
configure:5655: result: no
configure:5723: checking for cc
configure:5775: result: no
configure:5836: checking for cl.exe
configure:5871: result: no
configure:5942: checking for clang
configure:5977: result: no
configure:5999: error: in `/home/msanft/dev/nix-fuzzing/packages/harness/bison/src':
configure:6001: error: no acceptable C compiler found in $PATH
See `config.log' for more details

## ---------------- ##
## Cache variables. ##
## ---------------- ##

ac_cv_env_CCC_set=
ac_cv_env_CCC_value=
ac_cv_env_CC_set=
ac_cv_env_CC_value=
ac_cv_env_CFLAGS_set=
ac_cv_env_CFLAGS_value=
ac_cv_env_CPPFLAGS_set=
ac_cv_env_CPPFLAGS_value=
ac_cv_env_CPP_set=
ac_cv_env_CPP_value=
ac_cv_env_CXXFLAGS_set=
ac_cv_env_CXXFLAGS_value=
ac_cv_env_CXX_set=
ac_cv_env_CXX_value=
ac_cv_env_LDFLAGS_set=
ac_cv_env_LDFLAGS_value=
ac_cv_env_LIBS_set=
ac_cv_env_LIBS_value=
ac_cv_env_M4_set=
ac_cv_env_M4_value=
ac_cv_env_YACC_set=
ac_cv_env_YACC_value=
ac_cv_env_YFLAGS_set=
ac_cv_env_YFLAGS_value=
ac_cv_env_build_alias_set=
ac_cv_env_build_alias_value=
ac_cv_env_host_alias_set=
ac_cv_env_host_alias_value=
ac_cv_env_target_alias_set=
ac_cv_env_target_alias_value=
ac_cv_path_install='/run/current-system/sw/bin/install -c'
ac_cv_path_mkdir=/run/current-system/sw/bin/mkdir
ac_cv_prog_AWK=gawk
ac_cv_prog_make_make_set=no
am_cv_make_support_nested_variables=no

## ----------------- ##
## Output variables. ##
## ----------------- ##

ACLOCAL='${SHELL} '\''/home/msanft/dev/nix-fuzzing/packages/harness/bison/src/build-aux/missing'\'' aclocal-1.16'
ALLOCA=''
ALLOCA_H=''
AMDEPBACKSLASH=''
AMDEP_FALSE=''
AMDEP_TRUE=''
AMTAR='$${TAR-tar}'
AM_BACKSLASH='\'
AM_DEFAULT_V='0'
AM_DEFAULT_VERBOSITY='0'
AM_V='0'
APPLE_UNIVERSAL_BUILD=''
AR=''
ARFLAGS=''
ASM_SYMBOL_PREFIX=''
AUTOCONF='${SHELL} '\''/home/msanft/dev/nix-fuzzing/packages/harness/bison/src/build-aux/missing'\'' autoconf'
AUTOHEADER='${SHELL} '\''/home/msanft/dev/nix-fuzzing/packages/harness/bison/src/build-aux/missing'\'' autoheader'
AUTOM4TE=''
AUTOMAKE='${SHELL} '\''/home/msanft/dev/nix-fuzzing/packages/harness/bison/src/build-aux/missing'\'' automake-1.16'
AWK='gawk'
BISON_CXX_WORKS=''
BISON_C_WORKS=''
BISON_LOCALEDIR=''
BITSIZEOF_PTRDIFF_T=''
BITSIZEOF_SIG_ATOMIC_T=''
BITSIZEOF_SIZE_T=''
BITSIZEOF_WCHAR_T=''
BITSIZEOF_WINT_T=''
CC=''
CCDEPMODE=''
CFLAGS=''
CFLAG_VISIBILITY=''
CLASSPATH=''
CLASSPATH_SEPARATOR=''
CONFIG_INCLUDE=''
CONF_JAVA=''
CONF_JAVAC=''
CPP=''
CPPFLAGS=''
CROSS_COMPILING_FALSE=''
CROSS_COMPILING_TRUE=''
CSCOPE='cscope'
CTAGS='ctags'
CXX03_CXXFLAGS=''
CXX11_CXXFLAGS=''
CXX14_CXXFLAGS=''
CXX17_CXXFLAGS=''
CXX20_CXXFLAGS=''
CXX2B_CXXFLAGS=''
CXX98_CXXFLAGS=''
CXX=''
CXXDEPMODE=''
CXXFLAGS=''
CXX_COMPILER_POSIXLY_CORRECT=''
CYGPATH_W='echo'
C_COMPILER_POSIXLY_CORRECT=''
DC=''
DCFLAGS=''
DEFS=''
DEPDIR=''
DOT=''
ECHO_C=''
ECHO_N='-n'
ECHO_T=''
EGREP=''
EMULTIHOP_HIDDEN=''
EMULTIHOP_VALUE=''
ENABLE_BISTROMATHIC_FALSE=''
ENABLE_BISTROMATHIC_TRUE=''
ENABLE_CXX11_FALSE=''
ENABLE_CXX11_TRUE=''
ENABLE_CXX14_FALSE=''
ENABLE_CXX14_TRUE=''
ENABLE_CXX_FALSE=''
ENABLE_CXX_TRUE=''
ENABLE_D_FALSE=''
ENABLE_D_TRUE=''
ENABLE_GCC_WARNINGS_FALSE=''
ENABLE_GCC_WARNINGS_TRUE=''
ENABLE_JAVA_FALSE=''
ENABLE_JAVA_TRUE=''
ENABLE_YACC_FALSE=''
ENABLE_YACC_TRUE=''
ENOLINK_HIDDEN=''
ENOLINK_VALUE=''
EOVERFLOW_HIDDEN=''
EOVERFLOW_VALUE=''
ERRNO_H=''
ETAGS='etags'
EXEEXT=''
FLEX_CXX_WORKS_FALSE=''
FLEX_CXX_WORKS_TRUE=''
FLEX_SCANNER_CXXFLAGS=''
FLEX_WORKS_FALSE=''
FLEX_WORKS_TRUE=''
FLOAT_H=''
GCC=''
GETOPT_CDEFS_H=''
GETOPT_H=''
GETTEXT_MACRO_VERSION=''
GL_COND_LIBTOOL_FALSE=''
GL_COND_LIBTOOL_TRUE=''
GL_GENERATE_ALLOCA_H_FALSE=''
GL_GENERATE_ALLOCA_H_TRUE=''
GL_GENERATE_ERRNO_H_FALSE=''
GL_GENERATE_ERRNO_H_TRUE=''
GL_GENERATE_FLOAT_H_FALSE=''
GL_GENERATE_FLOAT_H_TRUE=''
GL_GENERATE_ICONV_H_FALSE=''
GL_GENERATE_ICONV_H_TRUE=''
GL_GENERATE_LIMITS_H_FALSE=''
GL_GENERATE_LIMITS_H_TRUE=''
GL_GENERATE_STDALIGN_H_FALSE=''
GL_GENERATE_STDALIGN_H_TRUE=''
GL_GENERATE_STDBOOL_H_FALSE=''
GL_GENERATE_STDBOOL_H_TRUE=''
GL_GENERATE_STDDEF_H_FALSE=''
GL_GENERATE_STDDEF_H_TRUE=''
GL_GENERATE_STDINT_H_FALSE=''
GL_GENERATE_STDINT_H_TRUE=''
GL_GENERATE_TEXTSTYLE_H_FALSE=''
GL_GENERATE_TEXTSTYLE_H_TRUE=''
GL_GNULIB_ACCESS=''
GL_GNULIB_ACOSF=''
GL_GNULIB_ACOSL=''
GL_GNULIB_ALIGNED_ALLOC=''
GL_GNULIB_ALPHASORT=''
GL_GNULIB_ASINF=''
GL_GNULIB_ASINL=''
GL_GNULIB_ATAN2F=''
GL_GNULIB_ATANF=''
GL_GNULIB_ATANL=''
GL_GNULIB_ATOLL=''
GL_GNULIB_BTOWC=''
GL_GNULIB_CALLOC_POSIX=''
GL_GNULIB_CANONICALIZE_FILE_NAME=''
GL_GNULIB_CBRT=''
GL_GNULIB_CBRTF=''
GL_GNULIB_CBRTL=''
GL_GNULIB_CEIL=''
GL_GNULIB_CEILF=''
GL_GNULIB_CEILL=''
GL_GNULIB_CHDIR=''
GL_GNULIB_CHOWN=''
GL_GNULIB_CLOSE=''
GL_GNULIB_CLOSEDIR=''
GL_GNULIB_COPYSIGN=''
GL_GNULIB_COPYSIGNF=''
GL_GNULIB_COPYSIGNL=''
GL_GNULIB_COPY_FILE_RANGE=''
GL_GNULIB_COSF=''
GL_GNULIB_COSHF=''
GL_GNULIB_COSL=''
GL_GNULIB_CREAT=''
GL_GNULIB_CTIME=''
GL_GNULIB_DIRFD=''
GL_GNULIB_DPRINTF=''
GL_GNULIB_DUP2=''
GL_GNULIB_DUP3=''
GL_GNULIB_DUP=''
GL_GNULIB_DUPLOCALE=''
GL_GNULIB_ENVIRON=''
GL_GNULIB_EUIDACCESS=''
GL_GNULIB_EXECL=''
GL_GNULIB_EXECLE=''
GL_GNULIB_EXECLP=''
GL_GNULIB_EXECV=''
GL_GNULIB_EXECVE=''
GL_GNULIB_EXECVP=''
GL_GNULIB_EXECVPE=''
GL_GNULIB_EXP2=''
GL_GNULIB_EXP2F=''
GL_GNULIB_EXP2L=''
GL_GNULIB_EXPF=''
GL_GNULIB_EXPL=''
GL_GNULIB_EXPLICIT_BZERO=''
GL_GNULIB_EXPM1=''
GL_GNULIB_EXPM1F=''
GL_GNULIB_EXPM1L=''
GL_GNULIB_FABSF=''
GL_GNULIB_FABSL=''
GL_GNULIB_FACCESSAT=''
GL_GNULIB_FCHDIR=''
GL_GNULIB_FCHMODAT=''
GL_GNULIB_FCHOWNAT=''
GL_GNULIB_FCLOSE=''
GL_GNULIB_FCNTL=''
GL_GNULIB_FDATASYNC=''
GL_GNULIB_FDOPEN=''
GL_GNULIB_FDOPENDIR=''
GL_GNULIB_FFLUSH=''
GL_GNULIB_FFS=''
GL_GNULIB_FFSL=''
GL_GNULIB_FFSLL=''
GL_GNULIB_FGETC=''
GL_GNULIB_FGETS=''
GL_GNULIB_FLOOR=''
GL_GNULIB_FLOORF=''
GL_GNULIB_FLOORL=''
GL_GNULIB_FMA=''
GL_GNULIB_FMAF=''
GL_GNULIB_FMAL=''
GL_GNULIB_FMOD=''
GL_GNULIB_FMODF=''
GL_GNULIB_FMODL=''
GL_GNULIB_FOPEN=''
GL_GNULIB_FPRINTF=''
GL_GNULIB_FPRINTF_POSIX=''
GL_GNULIB_FPURGE=''
GL_GNULIB_FPUTC=''
GL_GNULIB_FPUTS=''
GL_GNULIB_FREAD=''
GL_GNULIB_FREE_POSIX=''
GL_GNULIB_FREOPEN=''
GL_GNULIB_FREXP=''
GL_GNULIB_FREXPF=''
GL_GNULIB_FREXPL=''
GL_GNULIB_FSCANF=''
GL_GNULIB_FSEEK=''
GL_GNULIB_FSEEKO=''
GL_GNULIB_FSTAT=''
GL_GNULIB_FSTATAT=''
GL_GNULIB_FSYNC=''
GL_GNULIB_FTELL=''
GL_GNULIB_FTELLO=''
GL_GNULIB_FTRUNCATE=''
GL_GNULIB_FUTIMENS=''
GL_GNULIB_FWRITE=''
GL_GNULIB_GETC=''
GL_GNULIB_GETCHAR=''
GL_GNULIB_GETCWD=''
GL_GNULIB_GETDELIM=''
GL_GNULIB_GETDOMAINNAME=''
GL_GNULIB_GETDTABLESIZE=''
GL_GNULIB_GETENTROPY=''
GL_GNULIB_GETGROUPS=''
GL_GNULIB_GETHOSTNAME=''
GL_GNULIB_GETLINE=''
GL_GNULIB_GETLOADAVG=''
GL_GNULIB_GETLOGIN=''
GL_GNULIB_GETLOGIN_R=''
GL_GNULIB_GETOPT_POSIX=''
GL_GNULIB_GETPAGESIZE=''
GL_GNULIB_GETPASS=''
GL_GNULIB_GETRUSAGE=''
GL_GNULIB_GETSUBOPT=''
GL_GNULIB_GETTIMEOFDAY=''
GL_GNULIB_GETUMASK=''
GL_GNULIB_GETUSERSHELL=''
GL_GNULIB_GRANTPT=''
GL_GNULIB_GROUP_MEMBER=''
GL_GNULIB_HYPOT=''
GL_GNULIB_HYPOTF=''
GL_GNULIB_HYPOTL=''
GL_GNULIB_ICONV=''
GL_GNULIB_ILOGB=''
GL_GNULIB_ILOGBF=''
GL_GNULIB_ILOGBL=''
GL_GNULIB_IMAXABS=''
GL_GNULIB_IMAXDIV=''
GL_GNULIB_IOCTL=''
GL_GNULIB_ISATTY=''
GL_GNULIB_ISFINITE=''
GL_GNULIB_ISINF=''
GL_GNULIB_ISNAN=''
GL_GNULIB_ISNAND=''
GL_GNULIB_ISNANF=''
GL_GNULIB_ISNANL=''
GL_GNULIB_ISWBLANK=''
GL_GNULIB_ISWCTYPE=''
GL_GNULIB_ISWDIGIT=''
GL_GNULIB_ISWXDIGIT=''
GL_GNULIB_LCHMOD=''
GL_GNULIB_LCHOWN=''
GL_GNULIB_LDEXPF=''
GL_GNULIB_LDEXPL=''
GL_GNULIB_LINK=''
GL_GNULIB_LINKAT=''
GL_GNULIB_LOCALECONV=''
GL_GNULIB_LOCALENAME=''
GL_GNULIB_LOCALTIME=''
GL_GNULIB_LOG10=''
GL_GNULIB_LOG10F=''
GL_GNULIB_LOG10L=''
GL_GNULIB_LOG1P=''
GL_GNULIB_LOG1PF=''
GL_GNULIB_LOG1PL=''
GL_GNULIB_LOG2=''
GL_GNULIB_LOG2F=''
GL_GNULIB_LOG2L=''
GL_GNULIB_LOG=''
GL_GNULIB_LOGB=''
GL_GNULIB_LOGBF=''
GL_GNULIB_LOGBL=''
GL_GNULIB_LOGF=''
GL_GNULIB_LOGL=''
GL_GNULIB_LSEEK=''
GL_GNULIB_LSTAT=''
GL_GNULIB_MALLOC_POSIX=''
GL_GNULIB_MBRLEN=''
GL_GNULIB_MBRTOWC=''
GL_GNULIB_MBSCASECMP=''
GL_GNULIB_MBSCASESTR=''
GL_GNULIB_MBSCHR=''
GL_GNULIB_MBSCSPN=''
GL_GNULIB_MBSINIT=''
GL_GNULIB_MBSLEN=''
GL_GNULIB_MBSNCASECMP=''
GL_GNULIB_MBSNLEN=''
GL_GNULIB_MBSNRTOWCS=''
GL_GNULIB_MBSPBRK=''
GL_GNULIB_MBSPCASECMP=''
GL_GNULIB_MBSRCHR=''
GL_GNULIB_MBSRTOWCS=''
GL_GNULIB_MBSSEP=''
GL_GNULIB_MBSSPN=''
GL_GNULIB_MBSSTR=''
GL_GNULIB_MBSTOK_R=''
GL_GNULIB_MBTOWC=''
GL_GNULIB_MDA_ACCESS=''
GL_GNULIB_MDA_CHDIR=''
GL_GNULIB_MDA_CHMOD=''
GL_GNULIB_MDA_CLOSE=''
GL_GNULIB_MDA_CREAT=''
GL_GNULIB_MDA_DUP2=''
GL_GNULIB_MDA_DUP=''
GL_GNULIB_MDA_ECVT=''
GL_GNULIB_MDA_EXECL=''
GL_GNULIB_MDA_EXECLE=''
GL_GNULIB_MDA_EXECLP=''
GL_GNULIB_MDA_EXECV=''
GL_GNULIB_MDA_EXECVE=''
GL_GNULIB_MDA_EXECVP=''
GL_GNULIB_MDA_EXECVPE=''
GL_GNULIB_MDA_FCLOSEALL=''
GL_GNULIB_MDA_FCVT=''
GL_GNULIB_MDA_FDOPEN=''
GL_GNULIB_MDA_FILENO=''
GL_GNULIB_MDA_GCVT=''
GL_GNULIB_MDA_GETCWD=''
GL_GNULIB_MDA_GETPID=''
GL_GNULIB_MDA_GETW=''
GL_GNULIB_MDA_ISATTY=''
GL_GNULIB_MDA_J0=''
GL_GNULIB_MDA_J1=''
GL_GNULIB_MDA_JN=''
GL_GNULIB_MDA_LSEEK=''
GL_GNULIB_MDA_MEMCCPY=''
GL_GNULIB_MDA_MKDIR=''
GL_GNULIB_MDA_MKTEMP=''
GL_GNULIB_MDA_OPEN=''
GL_GNULIB_MDA_PUTENV=''
GL_GNULIB_MDA_PUTW=''
GL_GNULIB_MDA_READ=''
GL_GNULIB_MDA_RMDIR=''
GL_GNULIB_MDA_STRDUP=''
GL_GNULIB_MDA_SWAB=''
GL_GNULIB_MDA_TEMPNAM=''
GL_GNULIB_MDA_TZSET=''
GL_GNULIB_MDA_UMASK=''
GL_GNULIB_MDA_UNLINK=''
GL_GNULIB_MDA_WCSDUP=''
GL_GNULIB_MDA_WRITE=''
GL_GNULIB_MDA_Y0=''
GL_GNULIB_MDA_Y1=''
GL_GNULIB_MDA_YN=''
GL_GNULIB_MEMCHR=''
GL_GNULIB_MEMMEM=''
GL_GNULIB_MEMPCPY=''
GL_GNULIB_MEMRCHR=''
GL_GNULIB_MKDIR=''
GL_GNULIB_MKDIRAT=''
GL_GNULIB_MKDTEMP=''
GL_GNULIB_MKFIFO=''
GL_GNULIB_MKFIFOAT=''
GL_GNULIB_MKNOD=''
GL_GNULIB_MKNODAT=''
GL_GNULIB_MKOSTEMP=''
GL_GNULIB_MKOSTEMPS=''
GL_GNULIB_MKSTEMP=''
GL_GNULIB_MKSTEMPS=''
GL_GNULIB_MKTIME=''
GL_GNULIB_MODF=''
GL_GNULIB_MODFF=''
GL_GNULIB_MODFL=''
GL_GNULIB_NANOSLEEP=''
GL_GNULIB_NONBLOCKING=''
GL_GNULIB_OBSTACK_PRINTF=''
GL_GNULIB_OBSTACK_PRINTF_POSIX=''
GL_GNULIB_OPEN=''
GL_GNULIB_OPENAT=''
GL_GNULIB_OPENDIR=''
GL_GNULIB_OVERRIDES_STRUCT_STAT=''
GL_GNULIB_PCLOSE=''
GL_GNULIB_PERROR=''
GL_GNULIB_PIPE2=''
GL_GNULIB_PIPE=''
GL_GNULIB_POPEN=''
GL_GNULIB_POSIX_MEMALIGN=''
GL_GNULIB_POSIX_OPENPT=''
GL_GNULIB_POSIX_SPAWN=''
GL_GNULIB_POSIX_SPAWNATTR_DESTROY=''
GL_GNULIB_POSIX_SPAWNATTR_GETFLAGS=''
GL_GNULIB_POSIX_SPAWNATTR_GETPGROUP=''
GL_GNULIB_POSIX_SPAWNATTR_GETSCHEDPARAM=''
GL_GNULIB_POSIX_SPAWNATTR_GETSCHEDPOLICY=''
GL_GNULIB_POSIX_SPAWNATTR_GETSIGDEFAULT=''
GL_GNULIB_POSIX_SPAWNATTR_GETSIGMASK=''
GL_GNULIB_POSIX_SPAWNATTR_INIT=''
GL_GNULIB_POSIX_SPAWNATTR_SETFLAGS=''
GL_GNULIB_POSIX_SPAWNATTR_SETPGROUP=''
GL_GNULIB_POSIX_SPAWNATTR_SETSCHEDPARAM=''
GL_GNULIB_POSIX_SPAWNATTR_SETSCHEDPOLICY=''
GL_GNULIB_POSIX_SPAWNATTR_SETSIGDEFAULT=''
GL_GNULIB_POSIX_SPAWNATTR_SETSIGMASK=''
GL_GNULIB_POSIX_SPAWNP=''
GL_GNULIB_POSIX_SPAWN_FILE_ACTIONS_ADDCHDIR=''
GL_GNULIB_POSIX_SPAWN_FILE_ACTIONS_ADDCLOSE=''
GL_GNULIB_POSIX_SPAWN_FILE_ACTIONS_ADDDUP2=''
GL_GNULIB_POSIX_SPAWN_FILE_ACTIONS_ADDFCHDIR=''
GL_GNULIB_POSIX_SPAWN_FILE_ACTIONS_ADDOPEN=''
GL_GNULIB_POSIX_SPAWN_FILE_ACTIONS_DESTROY=''
GL_GNULIB_POSIX_SPAWN_FILE_ACTIONS_INIT=''
GL_GNULIB_POWF=''
GL_GNULIB_PREAD=''
GL_GNULIB_PRINTF=''
GL_GNULIB_PRINTF_POSIX=''
GL_GNULIB_PTHREAD_SIGMASK=''
GL_GNULIB_PTSNAME=''
GL_GNULIB_PTSNAME_R=''
GL_GNULIB_PUTC=''
GL_GNULIB_PUTCHAR=''
GL_GNULIB_PUTENV=''
GL_GNULIB_PUTS=''
GL_GNULIB_PWRITE=''
GL_GNULIB_QSORT_R=''
GL_GNULIB_RAISE=''
GL_GNULIB_RANDOM=''
GL_GNULIB_RANDOM_R=''
GL_GNULIB_RAWMEMCHR=''
GL_GNULIB_READ=''
GL_GNULIB_READDIR=''
GL_GNULIB_READLINK=''
GL_GNULIB_READLINKAT=''
GL_GNULIB_REALLOCARRAY=''
GL_GNULIB_REALLOC_POSIX=''
GL_GNULIB_REALPATH=''
GL_GNULIB_REMAINDER=''
GL_GNULIB_REMAINDERF=''
GL_GNULIB_REMAINDERL=''
GL_GNULIB_REMOVE=''
GL_GNULIB_RENAME=''
GL_GNULIB_RENAMEAT=''
GL_GNULIB_REWINDDIR=''
GL_GNULIB_RINT=''
GL_GNULIB_RINTF=''
GL_GNULIB_RINTL=''
GL_GNULIB_RMDIR=''
GL_GNULIB_ROUND=''
GL_GNULIB_ROUNDF=''
GL_GNULIB_ROUNDL=''
GL_GNULIB_RPMATCH=''
GL_GNULIB_SCANDIR=''
GL_GNULIB_SCANF=''
GL_GNULIB_SCHED_YIELD=''
GL_GNULIB_SECURE_GETENV=''
GL_GNULIB_SETENV=''
GL_GNULIB_SETHOSTNAME=''
GL_GNULIB_SETLOCALE=''
GL_GNULIB_SETLOCALE_NULL=''
GL_GNULIB_SIGABBREV_NP=''
GL_GNULIB_SIGACTION=''
GL_GNULIB_SIGDESCR_NP=''
GL_GNULIB_SIGNAL_H_SIGPIPE=''
GL_GNULIB_SIGNBIT=''
GL_GNULIB_SIGPROCMASK=''
GL_GNULIB_SINF=''
GL_GNULIB_SINHF=''
GL_GNULIB_SINL=''
GL_GNULIB_SLEEP=''
GL_GNULIB_SNPRINTF=''
GL_GNULIB_SPRINTF_POSIX=''
GL_GNULIB_SQRTF=''
GL_GNULIB_SQRTL=''
GL_GNULIB_STAT=''
GL_GNULIB_STDIO_H_NONBLOCKING=''
GL_GNULIB_STDIO_H_SIGPIPE=''
GL_GNULIB_STPCPY=''
GL_GNULIB_STPNCPY=''
GL_GNULIB_STRCASESTR=''
GL_GNULIB_STRCHRNUL=''
GL_GNULIB_STRDUP=''
GL_GNULIB_STRERROR=''
GL_GNULIB_STRERRORNAME_NP=''
GL_GNULIB_STRERROR_R=''
GL_GNULIB_STRFTIME=''
GL_GNULIB_STRNCAT=''
GL_GNULIB_STRNDUP=''
GL_GNULIB_STRNLEN=''
GL_GNULIB_STRPBRK=''
GL_GNULIB_STRPTIME=''
GL_GNULIB_STRSEP=''
GL_GNULIB_STRSIGNAL=''
GL_GNULIB_STRSTR=''
GL_GNULIB_STRTOD=''
GL_GNULIB_STRTOIMAX=''
GL_GNULIB_STRTOK_R=''
GL_GNULIB_STRTOL=''
GL_GNULIB_STRTOLD=''
GL_GNULIB_STRTOLL=''
GL_GNULIB_STRTOUL=''
GL_GNULIB_STRTOULL=''
GL_GNULIB_STRTOUMAX=''
GL_GNULIB_STRVERSCMP=''
GL_GNULIB_SYMLINK=''
GL_GNULIB_SYMLINKAT=''
GL_GNULIB_SYSTEM_POSIX=''
GL_GNULIB_TANF=''
GL_GNULIB_TANHF=''
GL_GNULIB_TANL=''
GL_GNULIB_TCGETSID=''
GL_GNULIB_TIMEGM=''
GL_GNULIB_TIMES=''
GL_GNULIB_TIMESPEC_GET=''
GL_GNULIB_TIME_R=''
GL_GNULIB_TIME_RZ=''
GL_GNULIB_TMPFILE=''
GL_GNULIB_TOWCTRANS=''
GL_GNULIB_TRUNC=''
GL_GNULIB_TRUNCATE=''
GL_GNULIB_TRUNCF=''
GL_GNULIB_TRUNCL=''
GL_GNULIB_TTYNAME_R=''
GL_GNULIB_TZSET=''
GL_GNULIB_UNISTD_H_GETOPT=''
GL_GNULIB_UNISTD_H_NONBLOCKING=''
GL_GNULIB_UNISTD_H_SIGPIPE=''
GL_GNULIB_UNLINK=''
GL_GNULIB_UNLINKAT=''
GL_GNULIB_UNLOCKPT=''
GL_GNULIB_UNSETENV=''
GL_GNULIB_USLEEP=''
GL_GNULIB_UTIMENSAT=''
GL_GNULIB_VASPRINTF=''
GL_GNULIB_VDPRINTF=''
GL_GNULIB_VFPRINTF=''
GL_GNULIB_VFPRINTF_POSIX=''
GL_GNULIB_VFSCANF=''
GL_GNULIB_VPRINTF=''
GL_GNULIB_VPRINTF_POSIX=''
GL_GNULIB_VSCANF=''
GL_GNULIB_VSNPRINTF=''
GL_GNULIB_VSPRINTF_POSIX=''
GL_GNULIB_WAITPID=''
GL_GNULIB_WCPCPY=''
GL_GNULIB_WCPNCPY=''
GL_GNULIB_WCRTOMB=''
GL_GNULIB_WCSCASECMP=''
GL_GNULIB_WCSCAT=''
GL_GNULIB_WCSCHR=''
GL_GNULIB_WCSCMP=''
GL_GNULIB_WCSCOLL=''
GL_GNULIB_WCSCPY=''
GL_GNULIB_WCSCSPN=''
GL_GNULIB_WCSDUP=''
GL_GNULIB_WCSFTIME=''
GL_GNULIB_WCSLEN=''
GL_GNULIB_WCSNCASECMP=''
GL_GNULIB_WCSNCAT=''
GL_GNULIB_WCSNCMP=''
GL_GNULIB_WCSNCPY=''
GL_GNULIB_WCSNLEN=''
GL_GNULIB_WCSNRTOMBS=''
GL_GNULIB_WCSPBRK=''
GL_GNULIB_WCSRCHR=''
GL_GNULIB_WCSRTOMBS=''
GL_GNULIB_WCSSPN=''
GL_GNULIB_WCSSTR=''
GL_GNULIB_WCSTOK=''
GL_GNULIB_WCSWIDTH=''
GL_GNULIB_WCSXFRM=''
GL_GNULIB_WCTOB=''
GL_GNULIB_WCTOMB=''
GL_GNULIB_WCTRANS=''
GL_GNULIB_WCTYPE=''
GL_GNULIB_WCWIDTH=''
GL_GNULIB_WMEMCHR=''
GL_GNULIB_WMEMCMP=''
GL_GNULIB_WMEMCPY=''
GL_GNULIB_WMEMMOVE=''
GL_GNULIB_WMEMPCPY=''
GL_GNULIB_WMEMSET=''
GL_GNULIB_WRITE=''
GL_GNULIB__EXIT=''
GMSGFMT=''
GMSGFMT_015=''
GNULIBHEADERS_OVERRIDE_WINT_T=''
GNULIB_GETTIMEOFDAY=''
GREP=''
HAVE_ACOSF=''
HAVE_ACOSL=''
HAVE_ALIGNED_ALLOC=''
HAVE_ALLOCA_H=''
HAVE_ALPHASORT=''
HAVE_ASINF=''
HAVE_ASINL=''
HAVE_ATAN2F=''
HAVE_ATANF=''
HAVE_ATANL=''
HAVE_ATOLL=''
HAVE_BTOWC=''
HAVE_C99_STDINT_H=''
HAVE_CANONICALIZE_FILE_NAME=''
HAVE_CBRT=''
HAVE_CBRTF=''
HAVE_CBRTL=''
HAVE_CHOWN=''
HAVE_CLOSEDIR=''
HAVE_COPYSIGN=''
HAVE_COPYSIGNL=''
HAVE_COPY_FILE_RANGE=''
HAVE_COSF=''
HAVE_COSHF=''
HAVE_COSL=''
HAVE_CRTDEFS_H=''
HAVE_DECL_ACOSL=''
HAVE_DECL_ASINL=''
HAVE_DECL_ATANL=''
HAVE_DECL_CBRTF=''
HAVE_DECL_CBRTL=''
HAVE_DECL_CEILF=''
HAVE_DECL_CEILL=''
HAVE_DECL_COPYSIGNF=''
HAVE_DECL_COSL=''
HAVE_DECL_DIRFD=''
HAVE_DECL_ECVT=''
HAVE_DECL_ENVIRON=''
HAVE_DECL_EXECVPE=''
HAVE_DECL_EXP2=''
HAVE_DECL_EXP2F=''
HAVE_DECL_EXP2L=''
HAVE_DECL_EXPL=''
HAVE_DECL_EXPM1L=''
HAVE_DECL_FCHDIR=''
HAVE_DECL_FCLOSEALL=''
HAVE_DECL_FCVT=''
HAVE_DECL_FDATASYNC=''
HAVE_DECL_FDOPENDIR=''
HAVE_DECL_FLOORF=''
HAVE_DECL_FLOORL=''
HAVE_DECL_FPURGE=''
HAVE_DECL_FREXPL=''
HAVE_DECL_FSEEKO=''
HAVE_DECL_FTELLO=''
HAVE_DECL_GCVT=''
HAVE_DECL_GETDELIM=''
HAVE_DECL_GETDOMAINNAME=''
HAVE_DECL_GETLINE=''
HAVE_DECL_GETLOADAVG=''
HAVE_DECL_GETLOGIN=''
HAVE_DECL_GETLOGIN_R=''
HAVE_DECL_GETPAGESIZE=''
HAVE_DECL_GETUSERSHELL=''
HAVE_DECL_IMAXABS=''
HAVE_DECL_IMAXDIV=''
HAVE_DECL_INITSTATE=''
HAVE_DECL_LDEXPL=''
HAVE_DECL_LOCALTIME_R=''
HAVE_DECL_LOG10L=''
HAVE_DECL_LOG2=''
HAVE_DECL_LOG2F=''
HAVE_DECL_LOG2L=''
HAVE_DECL_LOGB=''
HAVE_DECL_LOGL=''
HAVE_DECL_MEMMEM=''
HAVE_DECL_MEMRCHR=''
HAVE_DECL_OBSTACK_PRINTF=''
HAVE_DECL_REMAINDER=''
HAVE_DECL_REMAINDERL=''
HAVE_DECL_RINTF=''
HAVE_DECL_ROUND=''
HAVE_DECL_ROUNDF=''
HAVE_DECL_ROUNDL=''
HAVE_DECL_SETENV=''
HAVE_DECL_SETHOSTNAME=''
HAVE_DECL_SETSTATE=''
HAVE_DECL_SINL=''
HAVE_DECL_SNPRINTF=''
HAVE_DECL_SQRTL=''
HAVE_DECL_STRDUP=''
HAVE_DECL_STRERROR_R=''
HAVE_DECL_STRNCASECMP=''
HAVE_DECL_STRNDUP=''
HAVE_DECL_STRNLEN=''
HAVE_DECL_STRSIGNAL=''
HAVE_DECL_STRTOIMAX=''
HAVE_DECL_STRTOK_R=''
HAVE_DECL_STRTOUMAX=''
HAVE_DECL_TANL=''
HAVE_DECL_TCGETSID=''
HAVE_DECL_TRUNC=''
HAVE_DECL_TRUNCATE=''
HAVE_DECL_TRUNCF=''
HAVE_DECL_TRUNCL=''
HAVE_DECL_TTYNAME_R=''
HAVE_DECL_UNSETENV=''
HAVE_DECL_VSNPRINTF=''
HAVE_DECL_WCSDUP=''
HAVE_DECL_WCTOB=''
HAVE_DECL_WCWIDTH=''
HAVE_DIRENT_H=''
HAVE_DPRINTF=''
HAVE_DUP3=''
HAVE_DUPLOCALE=''
HAVE_EUIDACCESS=''
HAVE_EXECVPE=''
HAVE_EXPF=''
HAVE_EXPL=''
HAVE_EXPLICIT_BZERO=''
HAVE_EXPM1=''
HAVE_EXPM1F=''
HAVE_FABSF=''
HAVE_FABSL=''
HAVE_FACCESSAT=''
HAVE_FCHDIR=''
HAVE_FCHMODAT=''
HAVE_FCHOWNAT=''
HAVE_FCNTL=''
HAVE_FDATASYNC=''
HAVE_FDOPENDIR=''
HAVE_FEATURES_H=''
HAVE_FFS=''
HAVE_FFSL=''
HAVE_FFSLL=''
HAVE_FMA=''
HAVE_FMAF=''
HAVE_FMAL=''
HAVE_FMODF=''
HAVE_FMODL=''
HAVE_FREELOCALE=''
HAVE_FREXPF=''
HAVE_FSEEKO=''
HAVE_FSTATAT=''
HAVE_FSYNC=''
HAVE_FTELLO=''
HAVE_FTRUNCATE=''
HAVE_FUTIMENS=''
HAVE_GCJ_C=''
HAVE_GCJ_IN_PATH=''
HAVE_GETDTABLESIZE=''
HAVE_GETENTROPY=''
HAVE_GETGROUPS=''
HAVE_GETHOSTNAME=''
HAVE_GETLOGIN=''
HAVE_GETOPT_H=''
HAVE_GETPAGESIZE=''
HAVE_GETPASS=''
HAVE_GETRUSAGE=''
HAVE_GETSUBOPT=''
HAVE_GETTIMEOFDAY=''
HAVE_GETUMASK=''
HAVE_GIJ=''
HAVE_GIJ_IN_PATH=''
HAVE_GRANTPT=''
HAVE_GROUP_MEMBER=''
HAVE_HYPOTF=''
HAVE_HYPOTL=''
HAVE_ILOGB=''
HAVE_ILOGBF=''
HAVE_ILOGBL=''
HAVE_IMAXDIV_T=''
HAVE_INITSTATE=''
HAVE_INTTYPES_H=''
HAVE_ISNAND=''
HAVE_ISNANF=''
HAVE_ISNANL=''
HAVE_ISWBLANK=''
HAVE_ISWCNTRL=''
HAVE_JAVA=''
HAVE_JAVAC=''
HAVE_JAVAC_ENVVAR=''
HAVE_JAVAC_IN_PATH=''
HAVE_JAVA_ENVVAR=''
HAVE_JAVA_IN_PATH=''
HAVE_JIKES=''
HAVE_JIKES_IN_PATH=''
HAVE_JRE=''
HAVE_JRE_IN_PATH=''
HAVE_JVIEW=''
HAVE_JVIEW_IN_PATH=''
HAVE_LCHMOD=''
HAVE_LCHOWN=''
HAVE_LDEXPF=''
HAVE_LIBTEXTSTYLE=''
HAVE_LINK=''
HAVE_LINKAT=''
HAVE_LOG10F=''
HAVE_LOG10L=''
HAVE_LOG1P=''
HAVE_LOG1PF=''
HAVE_LOG1PL=''
HAVE_LOGBF=''
HAVE_LOGBL=''
HAVE_LOGF=''
HAVE_LOGL=''
HAVE_LSTAT=''
HAVE_MAX_ALIGN_T=''
HAVE_MBRLEN=''
HAVE_MBRTOWC=''
HAVE_MBSINIT=''
HAVE_MBSLEN=''
HAVE_MBSNRTOWCS=''
HAVE_MBSRTOWCS=''
HAVE_MBTOWC=''
HAVE_MEMPCPY=''
HAVE_MKDIRAT=''
HAVE_MKDTEMP=''
HAVE_MKFIFO=''
HAVE_MKFIFOAT=''
HAVE_MKNOD=''
HAVE_MKNODAT=''
HAVE_MKOSTEMP=''
HAVE_MKOSTEMPS=''
HAVE_MKSTEMP=''
HAVE_MKSTEMPS=''
HAVE_MODFF=''
HAVE_MODFL=''
HAVE_MSVC_INVALID_PARAMETER_HANDLER=''
HAVE_NANOSLEEP=''
HAVE_NEWLOCALE=''
HAVE_OPENAT=''
HAVE_OPENDIR=''
HAVE_OS_H=''
HAVE_PCLOSE=''
HAVE_PIPE2=''
HAVE_PIPE=''
HAVE_POPEN=''
HAVE_POSIX_MEMALIGN=''
HAVE_POSIX_OPENPT=''
HAVE_POSIX_SIGNALBLOCKING=''
HAVE_POSIX_SPAWN=''
HAVE_POSIX_SPAWNATTR_T=''
HAVE_POSIX_SPAWN_FILE_ACTIONS_ADDCHDIR=''
HAVE_POSIX_SPAWN_FILE_ACTIONS_ADDFCHDIR=''
HAVE_POSIX_SPAWN_FILE_ACTIONS_T=''
HAVE_POWF=''
HAVE_PREAD=''
HAVE_PTHREAD_SIGMASK=''
HAVE_PTSNAME=''
HAVE_PTSNAME_R=''
HAVE_PWRITE=''
HAVE_QSORT_R=''
HAVE_RAISE=''
HAVE_RANDOM=''
HAVE_RANDOM_H=''
HAVE_RANDOM_R=''
HAVE_RAWMEMCHR=''
HAVE_READDIR=''
HAVE_READLINK=''
HAVE_READLINKAT=''
HAVE_REALLOCARRAY=''
HAVE_REALPATH=''
HAVE_REMAINDER=''
HAVE_REMAINDERF=''
HAVE_RENAMEAT=''
HAVE_REWINDDIR=''
HAVE_RINT=''
HAVE_RINTL=''
HAVE_RPMATCH=''
HAVE_SAME_LONG_DOUBLE_AS_DOUBLE=''
HAVE_SCANDIR=''
HAVE_SCHED_H=''
HAVE_SCHED_YIELD=''
HAVE_SECURE_GETENV=''
HAVE_SETENV=''
HAVE_SETHOSTNAME=''
HAVE_SETSTATE=''
HAVE_SIGABBREV_NP=''
HAVE_SIGACTION=''
HAVE_SIGDESCR_NP=''
HAVE_SIGHANDLER_T=''
HAVE_SIGINFO_T=''
HAVE_SIGNED_SIG_ATOMIC_T=''
HAVE_SIGNED_WCHAR_T=''
HAVE_SIGNED_WINT_T=''
HAVE_SIGSET_T=''
HAVE_SINF=''
HAVE_SINHF=''
HAVE_SINL=''
HAVE_SLEEP=''
HAVE_SPAWN_H=''
HAVE_SQRTF=''
HAVE_SQRTL=''
HAVE_STDINT_H=''
HAVE_STPCPY=''
HAVE_STPNCPY=''
HAVE_STRCASECMP=''
HAVE_STRCASESTR=''
HAVE_STRCHRNUL=''
HAVE_STRERRORNAME_NP=''
HAVE_STRINGS_H=''
HAVE_STRPBRK=''
HAVE_STRPTIME=''
HAVE_STRSEP=''
HAVE_STRTOD=''
HAVE_STRTOL=''
HAVE_STRTOLD=''
HAVE_STRTOLL=''
HAVE_STRTOUL=''
HAVE_STRTOULL=''
HAVE_STRUCT_RANDOM_DATA=''
HAVE_STRUCT_SCHED_PARAM=''
HAVE_STRUCT_SIGACTION_SA_SIGACTION=''
HAVE_STRUCT_TIMEVAL=''
HAVE_STRUCT_TMS=''
HAVE_STRVERSCMP=''
HAVE_SYMLINK=''
HAVE_SYMLINKAT=''
HAVE_SYS_BITYPES_H=''
HAVE_SYS_CDEFS_H=''
HAVE_SYS_INTTYPES_H=''
HAVE_SYS_IOCTL_H=''
HAVE_SYS_LOADAVG_H=''
HAVE_SYS_PARAM_H=''
HAVE_SYS_RESOURCE_H=''
HAVE_SYS_TIMES_H=''
HAVE_SYS_TIME_H=''
HAVE_SYS_TYPES_H=''
HAVE_TANF=''
HAVE_TANHF=''
HAVE_TANL=''
HAVE_TERMIOS_H=''
HAVE_TIMEGM=''
HAVE_TIMES=''
HAVE_TIMESPEC_GET=''
HAVE_TIMEZONE_T=''
HAVE_TYPE_VOLATILE_SIG_ATOMIC_T=''
HAVE_UNISTD_H=''
HAVE_UNLINKAT=''
HAVE_UNLOCKPT=''
HAVE_USLEEP=''
HAVE_UTIMENSAT=''
HAVE_VASPRINTF=''
HAVE_VDPRINTF=''
HAVE_VISIBILITY=''
HAVE_WCHAR_H=''
HAVE_WCHAR_T=''
HAVE_WCPCPY=''
HAVE_WCPNCPY=''
HAVE_WCRTOMB=''
HAVE_WCSCASECMP=''
HAVE_WCSCAT=''
HAVE_WCSCHR=''
HAVE_WCSCMP=''
HAVE_WCSCOLL=''
HAVE_WCSCPY=''
HAVE_WCSCSPN=''
HAVE_WCSDUP=''
HAVE_WCSFTIME=''
HAVE_WCSLEN=''
HAVE_WCSNCASECMP=''
HAVE_WCSNCAT=''
HAVE_WCSNCMP=''
HAVE_WCSNCPY=''
HAVE_WCSNLEN=''
HAVE_WCSNRTOMBS=''
HAVE_WCSPBRK=''
HAVE_WCSRCHR=''
HAVE_WCSRTOMBS=''
HAVE_WCSSPN=''
HAVE_WCSSTR=''
HAVE_WCSTOK=''
HAVE_WCSWIDTH=''
HAVE_WCSXFRM=''
HAVE_WCTRANS_T=''
HAVE_WCTYPE_H=''
HAVE_WCTYPE_T=''
HAVE_WINSOCK2_H=''
HAVE_WINT_T=''
HAVE_WMEMCHR=''
HAVE_WMEMCMP=''
HAVE_WMEMCPY=''
HAVE_WMEMMOVE=''
HAVE_WMEMPCPY=''
HAVE_WMEMSET=''
HAVE_XLOCALE_H=''
HAVE__BOOL=''
HAVE__EXIT=''
HELP2MAN=''
ICONV_CONST=''
ICONV_H=''
INCLUDE_NEXT=''
INCLUDE_NEXT_AS_FIRST_DIRECTIVE=''
INSTALL_DATA='${INSTALL} -m 644'
INSTALL_PROGRAM='${INSTALL}'
INSTALL_PROGRAM_ENV=''
INSTALL_SCRIPT='${INSTALL}'
INSTALL_STRIP_PROGRAM='$(install_sh) -c -s'
INT32_MAX_LT_INTMAX_MAX=''
INT64_MAX_EQ_LONG_MAX=''
INTLLIBS=''
INTL_MACOSX_LIBS=''
ISNAND_LIBM=''
ISNANF_LIBM=''
ISNANL_LIBM=''
ISNAN_LIBM=''
LDEXPL_LIBM=''
LDEXP_LIBM=''
LDFLAGS=''
LEX=''
LEXLIB=''
LEX_IS_FLEX=''
LEX_OUTPUT_ROOT=''
LIBBISON_LIBDEPS=''
LIBBISON_LTLIBDEPS=''
LIBICONV=''
LIBINTL=''
LIBMULTITHREAD=''
LIBOBJS=''
LIBPMULTITHREAD=''
LIBPTHREAD=''
LIBREADLINE=''
LIBS=''
LIBSTDTHREAD=''
LIBTEXTSTYLE=''
LIBTEXTSTYLE_PREFIX=''
LIBTHREAD=''
LIBUNISTRING_COMPILE_UNISTR_U8_MBTOUCR_FALSE=''
LIBUNISTRING_COMPILE_UNISTR_U8_MBTOUCR_TRUE=''
LIBUNISTRING_COMPILE_UNISTR_U8_UCTOMB_FALSE=''
LIBUNISTRING_COMPILE_UNISTR_U8_UCTOMB_TRUE=''
LIBUNISTRING_COMPILE_UNIWIDTH_WIDTH_FALSE=''
LIBUNISTRING_COMPILE_UNIWIDTH_WIDTH_TRUE=''
LIBUNISTRING_UNISTR_H=''
LIBUNISTRING_UNITYPES_H=''
LIBUNISTRING_UNIWIDTH_H=''
LIB_CLOCK_GETTIME=''
LIB_GETHRXTIME=''
LIB_HARD_LOCALE=''
LIB_MBRTOWC=''
LIB_POSIX_SPAWN=''
LIB_SCHED_YIELD=''
LIB_SETLOCALE_NULL=''
LIMITS_H=''
LOCALCHARSET_TESTS_ENVIRONMENT=''
LOCALENAME_ENHANCE_LOCALE_FUNCS=''
LOCALE_FR=''
LOCALE_FR_UTF8=''
LOCALE_JA=''
LOCALE_ZH_CN=''
LTLIBICONV=''
LTLIBINTL=''
LTLIBMULTITHREAD=''
LTLIBOBJS=''
LTLIBREADLINE=''
LTLIBTEXTSTYLE=''
LTLIBTHREAD=''
M4=''
M4_DEBUGFILE=''
M4_GNU=''
MAKEINFO='${SHELL} '\''/home/msanft/dev/nix-fuzzing/packages/harness/bison/src/build-aux/missing'\'' makeinfo'
MKDIR_P='/run/current-system/sw/bin/mkdir -p'
MSGFMT=''
MSGFMT_015=''
MSGMERGE=''
NEXT_AS_FIRST_DIRECTIVE_DIRENT_H=''
NEXT_AS_FIRST_DIRECTIVE_ERRNO_H=''
NEXT_AS_FIRST_DIRECTIVE_FCNTL_H=''
NEXT_AS_FIRST_DIRECTIVE_FLOAT_H=''
NEXT_AS_FIRST_DIRECTIVE_GETOPT_H=''
NEXT_AS_FIRST_DIRECTIVE_ICONV_H=''
NEXT_AS_FIRST_DIRECTIVE_INTTYPES_H=''
NEXT_AS_FIRST_DIRECTIVE_LIMITS_H=''
NEXT_AS_FIRST_DIRECTIVE_LOCALE_H=''
NEXT_AS_FIRST_DIRECTIVE_MATH_H=''
NEXT_AS_FIRST_DIRECTIVE_SCHED_H=''
NEXT_AS_FIRST_DIRECTIVE_SIGNAL_H=''
NEXT_AS_FIRST_DIRECTIVE_SPAWN_H=''
NEXT_AS_FIRST_DIRECTIVE_STDDEF_H=''
NEXT_AS_FIRST_DIRECTIVE_STDINT_H=''
NEXT_AS_FIRST_DIRECTIVE_STDIO_H=''
NEXT_AS_FIRST_DIRECTIVE_STDLIB_H=''
NEXT_AS_FIRST_DIRECTIVE_STRINGS_H=''
NEXT_AS_FIRST_DIRECTIVE_STRING_H=''
NEXT_AS_FIRST_DIRECTIVE_SYS_IOCTL_H=''
NEXT_AS_FIRST_DIRECTIVE_SYS_RESOURCE_H=''
NEXT_AS_FIRST_DIRECTIVE_SYS_STAT_H=''
NEXT_AS_FIRST_DIRECTIVE_SYS_TIMES_H=''
NEXT_AS_FIRST_DIRECTIVE_SYS_TIME_H=''
NEXT_AS_FIRST_DIRECTIVE_SYS_TYPES_H=''
NEXT_AS_FIRST_DIRECTIVE_SYS_WAIT_H=''
NEXT_AS_FIRST_DIRECTIVE_TERMIOS_H=''
NEXT_AS_FIRST_DIRECTIVE_TIME_H=''
NEXT_AS_FIRST_DIRECTIVE_UNISTD_H=''
NEXT_AS_FIRST_DIRECTIVE_WCHAR_H=''
NEXT_AS_FIRST_DIRECTIVE_WCTYPE_H=''
NEXT_DIRENT_H=''
NEXT_ERRNO_H=''
NEXT_FCNTL_H=''
NEXT_FLOAT_H=''
NEXT_GETOPT_H=''
NEXT_ICONV_H=''
NEXT_INTTYPES_H=''
NEXT_LIMITS_H=''
NEXT_LOCALE_H=''
NEXT_MATH_H=''
NEXT_SCHED_H=''
NEXT_SIGNAL_H=''
NEXT_SPAWN_H=''
NEXT_STDDEF_H=''
NEXT_STDINT_H=''
NEXT_STDIO_H=''
NEXT_STDLIB_H=''
NEXT_STRINGS_H=''
NEXT_STRING_H=''
NEXT_SYS_IOCTL_H=''
NEXT_SYS_RESOURCE_H=''
NEXT_SYS_STAT_H=''
NEXT_SYS_TIMES_H=''
NEXT_SYS_TIME_H=''
NEXT_SYS_TYPES_H=''
NEXT_SYS_WAIT_H=''
NEXT_TERMIOS_H=''
NEXT_TIME_H=''
NEXT_UNISTD_H=''
NEXT_WCHAR_H=''
NEXT_WCTYPE_H=''
NO_EXCEPTIONS_CXXFLAGS=''
OBJEXT=''
PACKAGE='bison'
PACKAGE_BUGREPORT='bug-bison@gnu.org'
PACKAGE_COPYRIGHT_YEAR='2021'
PACKAGE_NAME='GNU Bison'
PACKAGE_STRING='GNU Bison 3.8.2'
PACKAGE_TARNAME='bison'
PACKAGE_URL='https://www.gnu.org/software/bison/'
PACKAGE_VERSION='3.8.2'
PATH_SEPARATOR=':'
PERL=''
POSUB=''
PRAGMA_COLUMNS=''
PRAGMA_SYSTEM_HEADER=''
PRIPTR_PREFIX=''
PTHREAD_H_DEFINES_STRUCT_TIMESPEC=''
PTRDIFF_T_SUFFIX=''
RANLIB=''
RELOCATABLE=''
RELOCATABLE_BUILD_DIR=''
RELOCATABLE_CONFIG_H_DIR=''
RELOCATABLE_LDFLAGS=''
RELOCATABLE_LIBRARY_PATH=''
RELOCATABLE_SRC_DIR=''
RELOCATABLE_STRIP=''
RELOCATABLE_VIA_LD_FALSE=''
RELOCATABLE_VIA_LD_TRUE=''
RELOCATABLE_VIA_WRAPPER_FALSE=''
RELOCATABLE_VIA_WRAPPER_TRUE=''
REPLACE_ACCESS=''
REPLACE_ACOSF=''
REPLACE_ALIGNED_ALLOC=''
REPLACE_ASINF=''
REPLACE_ATAN2F=''
REPLACE_ATANF=''
REPLACE_BTOWC=''
REPLACE_CALLOC=''
REPLACE_CANONICALIZE_FILE_NAME=''
REPLACE_CBRTF=''
REPLACE_CBRTL=''
REPLACE_CEIL=''
REPLACE_CEILF=''
REPLACE_CEILL=''
REPLACE_CHOWN=''
REPLACE_CLOSE=''
REPLACE_CLOSEDIR=''
REPLACE_COSF=''
REPLACE_COSHF=''
REPLACE_CREAT=''
REPLACE_CTIME=''
REPLACE_DIRFD=''
REPLACE_DPRINTF=''
REPLACE_DUP2=''
REPLACE_DUP=''
REPLACE_DUPLOCALE=''
REPLACE_EXECL=''
REPLACE_EXECLE=''
REPLACE_EXECLP=''
REPLACE_EXECV=''
REPLACE_EXECVE=''
REPLACE_EXECVP=''
REPLACE_EXECVPE=''
REPLACE_EXP2=''
REPLACE_EXP2L=''
REPLACE_EXPF=''
REPLACE_EXPL=''
REPLACE_EXPM1=''
REPLACE_EXPM1F=''
REPLACE_EXPM1L=''
REPLACE_FABSL=''
REPLACE_FACCESSAT=''
REPLACE_FCHMODAT=''
REPLACE_FCHOWNAT=''
REPLACE_FCLOSE=''
REPLACE_FCNTL=''
REPLACE_FDOPEN=''
REPLACE_FDOPENDIR=''
REPLACE_FFLUSH=''
REPLACE_FFSLL=''
REPLACE_FLOOR=''
REPLACE_FLOORF=''
REPLACE_FLOORL=''
REPLACE_FMA=''
REPLACE_FMAF=''
REPLACE_FMAL=''
REPLACE_FMOD=''
REPLACE_FMODF=''
REPLACE_FMODL=''
REPLACE_FOPEN=''
REPLACE_FPRINTF=''
REPLACE_FPURGE=''
REPLACE_FREE=''
REPLACE_FREELOCALE=''
REPLACE_FREOPEN=''
REPLACE_FREXP=''
REPLACE_FREXPF=''
REPLACE_FREXPL=''
REPLACE_FSEEK=''
REPLACE_FSEEKO=''
REPLACE_FSTAT=''
REPLACE_FSTATAT=''
REPLACE_FTELL=''
REPLACE_FTELLO=''
REPLACE_FTRUNCATE=''
REPLACE_FUTIMENS=''
REPLACE_GETCWD=''
REPLACE_GETDELIM=''
REPLACE_GETDOMAINNAME=''
REPLACE_GETDTABLESIZE=''
REPLACE_GETGROUPS=''
REPLACE_GETLINE=''
REPLACE_GETLOGIN_R=''
REPLACE_GETPAGESIZE=''
REPLACE_GETPASS=''
REPLACE_GETTIMEOFDAY=''
REPLACE_GMTIME=''
REPLACE_HUGE_VAL=''
REPLACE_HYPOT=''
REPLACE_HYPOTF=''
REPLACE_HYPOTL=''
REPLACE_ICONV=''
REPLACE_ICONV_OPEN=''
REPLACE_ICONV_UTF=''
REPLACE_ILOGB=''
REPLACE_ILOGBF=''
REPLACE_ILOGBL=''
REPLACE_INITSTATE=''
REPLACE_IOCTL=''
REPLACE_ISATTY=''
REPLACE_ISFINITE=''
REPLACE_ISINF=''
REPLACE_ISNAN=''
REPLACE_ISWBLANK=''
REPLACE_ISWCNTRL=''
REPLACE_ISWDIGIT=''
REPLACE_ISWXDIGIT=''
REPLACE_ITOLD=''
REPLACE_LCHOWN=''
REPLACE_LDEXPL=''
REPLACE_LINK=''
REPLACE_LINKAT=''
REPLACE_LOCALECONV=''
REPLACE_LOCALTIME=''
REPLACE_LOCALTIME_R=''
REPLACE_LOG10=''
REPLACE_LOG10F=''
REPLACE_LOG10L=''
REPLACE_LOG1P=''
REPLACE_LOG1PF=''
REPLACE_LOG1PL=''
REPLACE_LOG2=''
REPLACE_LOG2F=''
REPLACE_LOG2L=''
REPLACE_LOG=''
REPLACE_LOGB=''
REPLACE_LOGBF=''
REPLACE_LOGBL=''
REPLACE_LOGF=''
REPLACE_LOGL=''
REPLACE_LSEEK=''
REPLACE_LSTAT=''
REPLACE_MALLOC=''
REPLACE_MBRLEN=''
REPLACE_MBRTOWC=''
REPLACE_MBSINIT=''
REPLACE_MBSNRTOWCS=''
REPLACE_MBSRTOWCS=''
REPLACE_MBSTATE_T=''
REPLACE_MBTOWC=''
REPLACE_MEMCHR=''
REPLACE_MEMMEM=''
REPLACE_MKDIR=''
REPLACE_MKFIFO=''
REPLACE_MKFIFOAT=''
REPLACE_MKNOD=''
REPLACE_MKNODAT=''
REPLACE_MKSTEMP=''
REPLACE_MKTIME=''
REPLACE_MODF=''
REPLACE_MODFF=''
REPLACE_MODFL=''
REPLACE_NAN=''
REPLACE_NANOSLEEP=''
REPLACE_NEWLOCALE=''
REPLACE_NULL=''
REPLACE_OBSTACK_PRINTF=''
REPLACE_OPEN=''
REPLACE_OPENAT=''
REPLACE_OPENDIR=''
REPLACE_PERROR=''
REPLACE_POPEN=''
REPLACE_POSIX_MEMALIGN=''
REPLACE_POSIX_SPAWN=''
REPLACE_POSIX_SPAWN_FILE_ACTIONS_ADDCHDIR=''
REPLACE_POSIX_SPAWN_FILE_ACTIONS_ADDCLOSE=''
REPLACE_POSIX_SPAWN_FILE_ACTIONS_ADDDUP2=''
REPLACE_POSIX_SPAWN_FILE_ACTIONS_ADDFCHDIR=''
REPLACE_POSIX_SPAWN_FILE_ACTIONS_ADDOPEN=''
REPLACE_PREAD=''
REPLACE_PRINTF=''
REPLACE_PTHREAD_SIGMASK=''
REPLACE_PTSNAME=''
REPLACE_PTSNAME_R=''
REPLACE_PUTENV=''
REPLACE_PWRITE=''
REPLACE_QSORT_R=''
REPLACE_RAISE=''
REPLACE_RANDOM=''
REPLACE_RANDOM_R=''
REPLACE_READ=''
REPLACE_READLINK=''
REPLACE_READLINKAT=''
REPLACE_REALLOC=''
REPLACE_REALLOCARRAY=''
REPLACE_REALPATH=''
REPLACE_REMAINDER=''
REPLACE_REMAINDERF=''
REPLACE_REMAINDERL=''
REPLACE_REMOVE=''
REPLACE_RENAME=''
REPLACE_RENAMEAT=''
REPLACE_RINTL=''
REPLACE_RMDIR=''
REPLACE_ROUND=''
REPLACE_ROUNDF=''
REPLACE_ROUNDL=''
REPLACE_SCHED_YIELD=''
REPLACE_SETENV=''
REPLACE_SETLOCALE=''
REPLACE_SETSTATE=''
REPLACE_SIGNBIT=''
REPLACE_SIGNBIT_USING_BUILTINS=''
REPLACE_SINF=''
REPLACE_SINHF=''
REPLACE_SLEEP=''
REPLACE_SNPRINTF=''
REPLACE_SPRINTF=''
REPLACE_SQRTF=''
REPLACE_SQRTL=''
REPLACE_STAT=''
REPLACE_STDIO_READ_FUNCS=''
REPLACE_STDIO_WRITE_FUNCS=''
REPLACE_STPNCPY=''
REPLACE_STRCASESTR=''
REPLACE_STRCHRNUL=''
REPLACE_STRDUP=''
REPLACE_STRERROR=''
REPLACE_STRERRORNAME_NP=''
REPLACE_STRERROR_R=''
REPLACE_STRFTIME=''
REPLACE_STRNCAT=''
REPLACE_STRNDUP=''
REPLACE_STRNLEN=''
REPLACE_STRSIGNAL=''
REPLACE_STRSTR=''
REPLACE_STRTOD=''
REPLACE_STRTOIMAX=''
REPLACE_STRTOK_R=''
REPLACE_STRTOL=''
REPLACE_STRTOLD=''
REPLACE_STRTOLL=''
REPLACE_STRTOUL=''
REPLACE_STRTOULL=''
REPLACE_STRTOUMAX=''
REPLACE_STRUCT_LCONV=''
REPLACE_STRUCT_TIMEVAL=''
REPLACE_SYMLINK=''
REPLACE_SYMLINKAT=''
REPLACE_TANF=''
REPLACE_TANHF=''
REPLACE_TIMEGM=''
REPLACE_TMPFILE=''
REPLACE_TOWLOWER=''
REPLACE_TRUNC=''
REPLACE_TRUNCATE=''
REPLACE_TRUNCF=''
REPLACE_TRUNCL=''
REPLACE_TTYNAME_R=''
REPLACE_TZSET=''
REPLACE_UNLINK=''
REPLACE_UNLINKAT=''
REPLACE_UNSETENV=''
REPLACE_USLEEP=''
REPLACE_UTIMENSAT=''
REPLACE_VASPRINTF=''
REPLACE_VDPRINTF=''
REPLACE_VFPRINTF=''
REPLACE_VPRINTF=''
REPLACE_VSNPRINTF=''
REPLACE_VSPRINTF=''
REPLACE_WCRTOMB=''
REPLACE_WCSFTIME=''
REPLACE_WCSNRTOMBS=''
REPLACE_WCSRTOMBS=''
REPLACE_WCSTOK=''
REPLACE_WCSWIDTH=''
REPLACE_WCTOB=''
REPLACE_WCTOMB=''
REPLACE_WCWIDTH=''
REPLACE_WRITE=''
SED=''
SET_MAKE='MAKE=make'
SHELL='/bin/sh'
SIG_ATOMIC_T_SUFFIX=''
SIZE_T_SUFFIX=''
STDALIGN_H=''
STDBOOL_H=''
STDDEF_H=''
STDINT_H=''
STRIP=''
SYS_IOCTL_H_HAVE_WINSOCK2_H=''
SYS_IOCTL_H_HAVE_WINSOCK2_H_AND_USE_SOCKETS=''
SYS_TIME_H_DEFINES_STRUCT_TIMESPEC=''
TEXTSTYLE_H=''
TIME_H_DEFINES_STRUCT_TIMESPEC=''
TIME_H_DEFINES_TIME_UTC=''
UINT32_MAX_LT_UINTMAX_MAX=''
UINT64_MAX_EQ_ULONG_MAX=''
UNDEFINE_STRTOK_R=''
UNISTD_H_DEFINES_STRUCT_TIMESPEC=''
UNISTD_H_HAVE_SYS_RANDOM_H=''
UNISTD_H_HAVE_WINSOCK2_H=''
UNISTD_H_HAVE_WINSOCK2_H_AND_USE_SOCKETS=''
USE_NLS=''
VALGRIND=''
VALGRIND_OPTS_SUPPRESSION=''
VERSION='3.8.2'
WARN_CFLAGS=''
WARN_CFLAGS_TEST=''
WARN_CXXFLAGS=''
WARN_CXXFLAGS_TEST=''
WCHAR_T_SUFFIX=''
WERROR_CFLAGS=''
WERROR_CXXFLAGS=''
WINDOWS_64_BIT_OFF_T=''
WINDOWS_64_BIT_ST_SIZE=''
WINDOWS_STAT_INODES=''
WINDOWS_STAT_TIMESPEC=''
WINT_T_SUFFIX=''
WNO_DEPRECATED_CXXFLAGS=''
XGETTEXT=''
XGETTEXT_015=''
XGETTEXT_EXTRA_OPTIONS=''
XSLTPROC=''
YACC=''
YFLAGS=''
ac_ct_CC=''
ac_ct_CXX=''
aclocaldir=''
am__EXEEXT_FALSE=''
am__EXEEXT_TRUE=''
am__fastdepCC_FALSE=''
am__fastdepCC_TRUE=''
am__fastdepCXX_FALSE=''
am__fastdepCXX_TRUE=''
am__include=''
am__isrc=''
am__leading_dot='.'
am__nodep=''
am__quote=''
am__tar='$${TAR-tar} chof - "$$tardir"'
am__untar='$${TAR-tar} xf -'
bindir='${exec_prefix}/bin'
build=''
build_alias=''
build_cpu=''
build_os=''
build_vendor=''
datadir='${datarootdir}'
datarootdir='${prefix}/share'
docdir='${datarootdir}/doc/${PACKAGE_TARNAME}'
dvidir='${docdir}'
exec_prefix='NONE'
gl_GNULIB_ENABLED_0137e3d3638b33e5819d132d0b23165c_FALSE=''
gl_GNULIB_ENABLED_0137e3d3638b33e5819d132d0b23165c_TRUE=''
gl_GNULIB_ENABLED_03e0aaad4cb89ca757653bd367a6ccb7_FALSE=''
gl_GNULIB_ENABLED_03e0aaad4cb89ca757653bd367a6ccb7_TRUE=''
gl_GNULIB_ENABLED_1840129d490f3a00c8a098316d0fa345_FALSE=''
gl_GNULIB_ENABLED_1840129d490f3a00c8a098316d0fa345_TRUE=''
gl_GNULIB_ENABLED_1f32594a85e6221ba15f884daeee8c2a_FALSE=''
gl_GNULIB_ENABLED_1f32594a85e6221ba15f884daeee8c2a_TRUE=''
gl_GNULIB_ENABLED_260941c0e5dc67ec9e87d1fb321c300b_FALSE=''
gl_GNULIB_ENABLED_260941c0e5dc67ec9e87d1fb321c300b_TRUE=''
gl_GNULIB_ENABLED_30838f5439487421042f2225bed3af76_FALSE=''
gl_GNULIB_ENABLED_30838f5439487421042f2225bed3af76_TRUE=''
gl_GNULIB_ENABLED_332607f759618fb73dfc3076748afea7_FALSE=''
gl_GNULIB_ENABLED_332607f759618fb73dfc3076748afea7_TRUE=''
gl_GNULIB_ENABLED_3d094ef542bfdd238a5194e172bfe5f6_FALSE=''
gl_GNULIB_ENABLED_3d094ef542bfdd238a5194e172bfe5f6_TRUE=''
gl_GNULIB_ENABLED_3f0e593033d1fc2c127581960f641b66_FALSE=''
gl_GNULIB_ENABLED_3f0e593033d1fc2c127581960f641b66_TRUE=''
gl_GNULIB_ENABLED_43fe87a341d9b4b93c47c3ad819a5239_FALSE=''
gl_GNULIB_ENABLED_43fe87a341d9b4b93c47c3ad819a5239_TRUE=''
gl_GNULIB_ENABLED_48b2271240803e4879464b755748a89d_FALSE=''
gl_GNULIB_ENABLED_48b2271240803e4879464b755748a89d_TRUE=''
gl_GNULIB_ENABLED_503a4cb75d69c787103d0aa2ab7d8440_FALSE=''
gl_GNULIB_ENABLED_503a4cb75d69c787103d0aa2ab7d8440_TRUE=''
gl_GNULIB_ENABLED_68a4501daeca58988392c7e60b4917ab_FALSE=''
gl_GNULIB_ENABLED_68a4501daeca58988392c7e60b4917ab_TRUE=''
gl_GNULIB_ENABLED_75c65a2c014cf8235dd95289676302a4_FALSE=''
gl_GNULIB_ENABLED_75c65a2c014cf8235dd95289676302a4_TRUE=''
gl_GNULIB_ENABLED_8198daae261b932d64a998f8586f5005_FALSE=''
gl_GNULIB_ENABLED_8198daae261b932d64a998f8586f5005_TRUE=''
gl_GNULIB_ENABLED_8bb827fe37eaccf1b97feb0c87bc92ef_FALSE=''
gl_GNULIB_ENABLED_8bb827fe37eaccf1b97feb0c87bc92ef_TRUE=''
gl_GNULIB_ENABLED_cdeb0f2aaf9d280baa6526bfa1b07f70_FALSE=''
gl_GNULIB_ENABLED_cdeb0f2aaf9d280baa6526bfa1b07f70_TRUE=''
gl_GNULIB_ENABLED_chdir_FALSE=''
gl_GNULIB_ENABLED_chdir_TRUE=''
gl_GNULIB_ENABLED_closedir_FALSE=''
gl_GNULIB_ENABLED_closedir_TRUE=''
gl_GNULIB_ENABLED_d4850532688ba16d685f036076611f21_FALSE=''
gl_GNULIB_ENABLED_d4850532688ba16d685f036076611f21_TRUE=''
gl_GNULIB_ENABLED_dbb57f49352be8fb86869629a254fb72_FALSE=''
gl_GNULIB_ENABLED_dbb57f49352be8fb86869629a254fb72_TRUE=''
gl_GNULIB_ENABLED_dirent_FALSE=''
gl_GNULIB_ENABLED_dirent_TRUE=''
gl_GNULIB_ENABLED_dirfd_FALSE=''
gl_GNULIB_ENABLED_dirfd_TRUE=''
gl_GNULIB_ENABLED_dup_FALSE=''
gl_GNULIB_ENABLED_dup_TRUE=''
gl_GNULIB_ENABLED_e7e881d32ca02f1c997b13c737c64bbd_FALSE=''
gl_GNULIB_ENABLED_e7e881d32ca02f1c997b13c737c64bbd_TRUE=''
gl_GNULIB_ENABLED_ed5616be3593d355b981ffab56b9f37b_FALSE=''
gl_GNULIB_ENABLED_ed5616be3593d355b981ffab56b9f37b_TRUE=''
gl_GNULIB_ENABLED_f0efff84a70f4afba30902bb8ffe9354_FALSE=''
gl_GNULIB_ENABLED_f0efff84a70f4afba30902bb8ffe9354_TRUE=''
gl_GNULIB_ENABLED_fca9852db2a43bb33f02f0fbdbc174f6_FALSE=''
gl_GNULIB_ENABLED_fca9852db2a43bb33f02f0fbdbc174f6_TRUE=''
gl_GNULIB_ENABLED_fchdir_FALSE=''
gl_GNULIB_ENABLED_fchdir_TRUE=''
gl_GNULIB_ENABLED_fdopendir_FALSE=''
gl_GNULIB_ENABLED_fdopendir_TRUE=''
gl_GNULIB_ENABLED_ffs_FALSE=''
gl_GNULIB_ENABLED_ffs_TRUE=''
gl_GNULIB_ENABLED_fseterr_FALSE=''
gl_GNULIB_ENABLED_fseterr_TRUE=''
gl_GNULIB_ENABLED_fstat_FALSE=''
gl_GNULIB_ENABLED_fstat_TRUE=''
gl_GNULIB_ENABLED_fstatat_FALSE=''
gl_GNULIB_ENABLED_fstatat_TRUE=''
gl_GNULIB_ENABLED_getdelim_FALSE=''
gl_GNULIB_ENABLED_getdelim_TRUE=''
gl_GNULIB_ENABLED_getdtablesize_FALSE=''
gl_GNULIB_ENABLED_getdtablesize_TRUE=''
gl_GNULIB_ENABLED_getline_FALSE=''
gl_GNULIB_ENABLED_getline_TRUE=''
gl_GNULIB_ENABLED_ldexp_FALSE=''
gl_GNULIB_ENABLED_ldexp_TRUE=''
gl_GNULIB_ENABLED_locale_FALSE=''
gl_GNULIB_ENABLED_locale_TRUE=''
gl_GNULIB_ENABLED_lstat_FALSE=''
gl_GNULIB_ENABLED_lstat_TRUE=''
gl_GNULIB_ENABLED_malloca_FALSE=''
gl_GNULIB_ENABLED_malloca_TRUE=''
gl_GNULIB_ENABLED_memrchr_FALSE=''
gl_GNULIB_ENABLED_memrchr_TRUE=''
gl_GNULIB_ENABLED_openat_FALSE=''
gl_GNULIB_ENABLED_openat_TRUE=''
gl_GNULIB_ENABLED_opendir_FALSE=''
gl_GNULIB_ENABLED_opendir_TRUE=''
gl_GNULIB_ENABLED_readdir_FALSE=''
gl_GNULIB_ENABLED_readdir_TRUE=''
gl_GNULIB_ENABLED_rewinddir_FALSE=''
gl_GNULIB_ENABLED_rewinddir_TRUE=''
gl_GNULIB_ENABLED_rmdir_FALSE=''
gl_GNULIB_ENABLED_rmdir_TRUE=''
gl_GNULIB_ENABLED_strchrnul_FALSE=''
gl_GNULIB_ENABLED_strchrnul_TRUE=''
gl_GNULIB_ENABLED_strings_FALSE=''
gl_GNULIB_ENABLED_strings_TRUE=''
gl_GNULIB_ENABLED_strnlen_FALSE=''
gl_GNULIB_ENABLED_strnlen_TRUE=''
gl_LIBOBJS=''
gl_LTLIBOBJS=''
gltests_LIBOBJS=''
gltests_LTLIBOBJS=''
gltests_WITNESS=''
host=''
host_alias=''
host_cpu=''
host_os=''
host_vendor=''
htmldir='${docdir}'
includedir='${prefix}/include'
infodir='${datarootdir}/info'
install_sh='${SHELL} /home/msanft/dev/nix-fuzzing/packages/harness/bison/src/build-aux/install-sh'
libdir='${exec_prefix}/lib'
libexecdir='${exec_prefix}/libexec'
lispdir=''
localedir='${datarootdir}/locale'
localstatedir='${prefix}/var'
mandir='${datarootdir}/man'
mkdir_p='$(MKDIR_P)'
oldincludedir='/usr/include'
pdfdir='${docdir}'
pkglibexecdir=''
prefix='NONE'
program_transform_name='s,x,x,'
psdir='${docdir}'
runstatedir='${localstatedir}/run'
sbindir='${exec_prefix}/sbin'
sharedstatedir='${prefix}/com'
sysconfdir='${prefix}/etc'
target_alias=''

## ------------------- ##
## File substitutions. ##
## ------------------- ##

relocatable_sh=''

## ----------- ##
## confdefs.h. ##
## ----------- ##

/* confdefs.h */
#define PACKAGE_NAME "GNU Bison"
#define PACKAGE_TARNAME "bison"
#define PACKAGE_VERSION "3.8.2"
#define PACKAGE_STRING "GNU Bison 3.8.2"
#define PACKAGE_BUGREPORT "bug-bison@gnu.org"
#define PACKAGE_URL "https://www.gnu.org/software/bison/"
#define PACKAGE_COPYRIGHT_YEAR 2021
#define PACKAGE "bison"
#define VERSION "3.8.2"

configure: exit 1
